<?xml version="1.0" encoding="UTF-8"?>
<coverage generated="1741958604210" clover="3.2.0">
  <project timestamp="1741958604210" name="All files">
    <metrics statements="77" coveredstatements="60" conditionals="7" coveredconditionals="7" methods="11" coveredmethods="11" elements="95" coveredelements="78" complexity="0" loc="77" ncloc="77" packages="3" files="7" classes="7"/>
    <package name="src">
      <metrics statements="15" coveredstatements="0" conditionals="0" coveredconditionals="0" methods="0" coveredmethods="0"/>
      <file name="index.ts" path="/home/lucasbolt/Org/private-key-manager/src/index.ts">
        <metrics statements="15" coveredstatements="0" conditionals="0" coveredconditionals="0" methods="0" coveredmethods="0"/>
        <line num="1" count="0" type="stmt"/>
        <line num="2" count="0" type="stmt"/>
        <line num="3" count="0" type="stmt"/>
        <line num="4" count="0" type="stmt"/>
        <line num="5" count="0" type="stmt"/>
        <line num="6" count="0" type="stmt"/>
        <line num="7" count="0" type="stmt"/>
        <line num="8" count="0" type="stmt"/>
        <line num="10" count="0" type="stmt"/>
        <line num="12" count="0" type="stmt"/>
        <line num="16" count="0" type="stmt"/>
        <line num="21" count="0" type="stmt"/>
        <line num="26" count="0" type="stmt"/>
        <line num="31" count="0" type="stmt"/>
        <line num="36" count="0" type="stmt"/>
      </file>
    </package>
    <package name="src.commands">
      <metrics statements="24" coveredstatements="24" conditionals="4" coveredconditionals="4" methods="4" coveredmethods="4"/>
      <file name="addKey.ts" path="/home/lucasbolt/Org/private-key-manager/src/commands/addKey.ts">
        <metrics statements="6" coveredstatements="6" conditionals="0" coveredconditionals="0" methods="1" coveredmethods="1"/>
        <line num="1" count="1" type="stmt"/>
        <line num="2" count="1" type="stmt"/>
        <line num="4" count="1" type="stmt"/>
        <line num="5" count="1" type="stmt"/>
        <line num="10" count="1" type="stmt"/>
        <line num="11" count="1" type="stmt"/>
      </file>
      <file name="deleteKey.ts" path="/home/lucasbolt/Org/private-key-manager/src/commands/deleteKey.ts">
        <metrics statements="6" coveredstatements="6" conditionals="0" coveredconditionals="0" methods="1" coveredmethods="1"/>
        <line num="1" count="1" type="stmt"/>
        <line num="2" count="1" type="stmt"/>
        <line num="4" count="1" type="stmt"/>
        <line num="5" count="1" type="stmt"/>
        <line num="9" count="1" type="stmt"/>
        <line num="10" count="1" type="stmt"/>
      </file>
      <file name="getKey.ts" path="/home/lucasbolt/Org/private-key-manager/src/commands/getKey.ts">
        <metrics statements="8" coveredstatements="8" conditionals="2" coveredconditionals="2" methods="1" coveredmethods="1"/>
        <line num="1" count="1" type="stmt"/>
        <line num="2" count="1" type="stmt"/>
        <line num="4" count="1" type="stmt"/>
        <line num="5" count="2" type="stmt"/>
        <line num="9" count="2" type="stmt"/>
        <line num="10" count="2" type="cond" truecount="2" falsecount="0"/>
        <line num="11" count="1" type="stmt"/>
        <line num="13" count="1" type="stmt"/>
      </file>
      <file name="listKeys.ts" path="/home/lucasbolt/Org/private-key-manager/src/commands/listKeys.ts">
        <metrics statements="4" coveredstatements="4" conditionals="2" coveredconditionals="2" methods="1" coveredmethods="1"/>
        <line num="1" count="1" type="stmt"/>
        <line num="3" count="1" type="stmt"/>
        <line num="4" count="2" type="stmt"/>
        <line num="5" count="2" type="cond" truecount="2" falsecount="0"/>
      </file>
    </package>
    <package name="src.services">
      <metrics statements="38" coveredstatements="36" conditionals="3" coveredconditionals="3" methods="7" coveredmethods="7"/>
      <file name="encryption.ts" path="/home/lucasbolt/Org/private-key-manager/src/services/encryption.ts">
        <metrics statements="17" coveredstatements="17" conditionals="2" coveredconditionals="2" methods="2" coveredmethods="2"/>
        <line num="1" count="5" type="stmt"/>
        <line num="3" count="5" type="stmt"/>
        <line num="4" count="5" type="cond" truecount="2" falsecount="0"/>
        <line num="6" count="5" type="stmt"/>
        <line num="7" count="2" type="stmt"/>
        <line num="8" count="2" type="stmt"/>
        <line num="10" count="2" type="stmt"/>
        <line num="11" count="2" type="stmt"/>
        <line num="12" count="2" type="stmt"/>
        <line num="14" count="2" type="stmt"/>
        <line num="17" count="5" type="stmt"/>
        <line num="18" count="1" type="stmt"/>
        <line num="19" count="1" type="stmt"/>
        <line num="20" count="1" type="stmt"/>
        <line num="22" count="1" type="stmt"/>
        <line num="23" count="1" type="stmt"/>
        <line num="24" count="1" type="stmt"/>
      </file>
      <file name="storage.ts" path="/home/lucasbolt/Org/private-key-manager/src/services/storage.ts">
        <metrics statements="21" coveredstatements="19" conditionals="1" coveredconditionals="1" methods="5" coveredmethods="5"/>
        <line num="1" count="5" type="stmt"/>
        <line num="2" count="5" type="stmt"/>
        <line num="7" count="5" type="stmt"/>
        <line num="8" count="4" type="cond" truecount="1" falsecount="0"/>
        <line num="9" count="1" type="stmt"/>
        <line num="11" count="4" type="stmt"/>
        <line num="14" count="5" type="stmt"/>
        <line num="15" count="1" type="stmt"/>
        <line num="16" count="1" type="stmt"/>
        <line num="19" count="5" type="stmt"/>
        <line num="20" count="1" type="stmt"/>
        <line num="21" count="1" type="stmt"/>
        <line num="22" count="0" type="stmt"/>
        <line num="24" count="1" type="stmt"/>
        <line num="28" count="5" type="stmt"/>
        <line num="29" count="1" type="stmt"/>
        <line num="30" count="1" type="stmt"/>
        <line num="31" count="0" type="stmt"/>
        <line num="33" count="1" type="stmt"/>
        <line num="36" count="5" type="stmt"/>
        <line num="37" count="1" type="stmt"/>
      </file>
    </package>
  </project>
</coverage>
