TN:
SF:src/index.ts
FNF:0
FNH:0
DA:1,0
DA:2,0
DA:3,0
DA:4,0
DA:5,0
DA:6,0
DA:7,0
DA:8,0
DA:10,0
DA:12,0
DA:16,0
DA:21,0
DA:26,0
DA:31,0
DA:36,0
LF:15
LH:0
BRF:0
BRH:0
end_of_record
TN:
SF:src/commands/addKey.ts
FN:4,addKey
FNF:1
FNH:1
FNDA:1,addKey
DA:1,1
DA:2,1
DA:4,1
DA:5,1
DA:10,1
DA:11,1
LF:6
LH:6
BRF:0
BRH:0
end_of_record
TN:
SF:src/commands/deleteKey.ts
FN:4,removeKey
FNF:1
FNH:1
FNDA:1,removeKey
DA:1,1
DA:2,1
DA:4,1
DA:5,1
DA:9,1
DA:10,1
LF:6
LH:6
BRF:0
BRH:0
end_of_record
TN:
SF:src/commands/getKey.ts
FN:4,getKeyCommand
FNF:1
FNH:1
FNDA:2,getKeyCommand
DA:1,1
DA:2,1
DA:4,1
DA:5,2
DA:9,2
DA:10,2
DA:11,1
DA:13,1
LF:8
LH:8
BRDA:10,0,0,1
BRDA:10,0,1,1
BRF:2
BRH:2
end_of_record
TN:
SF:src/commands/listKeys.ts
FN:3,listStoredKeys
FNF:1
FNH:1
FNDA:2,listStoredKeys
DA:1,1
DA:3,1
DA:4,2
DA:5,2
LF:4
LH:4
BRDA:5,0,0,1
BRDA:5,0,1,1
BRF:2
BRH:2
end_of_record
TN:
SF:src/services/encryption.ts
FN:6,encryptKey
FN:17,decryptKey
FNF:2
FNH:2
FNDA:2,encryptKey
FNDA:1,decryptKey
DA:1,5
DA:3,5
DA:4,5
DA:6,5
DA:7,2
DA:8,2
DA:10,2
DA:11,2
DA:12,2
DA:14,2
DA:17,5
DA:18,1
DA:19,1
DA:20,1
DA:22,1
DA:23,1
DA:24,1
LF:17
LH:17
BRDA:4,0,0,5
BRDA:4,0,1,4
BRF:2
BRH:2
end_of_record
TN:
SF:src/services/storage.ts
FN:7,getDbInstance
FN:14,storeKey
FN:19,getKey
FN:28,listKeys
FN:36,deleteKey
FNF:5
FNH:5
FNDA:4,getDbInstance
FNDA:1,storeKey
FNDA:1,getKey
FNDA:1,listKeys
FNDA:1,deleteKey
DA:1,5
DA:2,5
DA:7,5
DA:8,4
DA:9,1
DA:11,4
DA:14,5
DA:15,1
DA:16,1
DA:19,5
DA:20,1
DA:21,1
DA:22,0
DA:24,1
DA:28,5
DA:29,1
DA:30,1
DA:31,0
DA:33,1
DA:36,5
DA:37,1
LF:21
LH:19
BRDA:8,0,0,1
BRF:1
BRH:1
end_of_record
